<?xml version="1.0" encoding="UTF-8"?>
<!-- Generated by org.testng.reporters.JUnitXMLReporter -->
<testsuite ignored="0" hostname="DESKTOP-QVM6J4J" failures="0" tests="4" name="Default test" time="0.052" errors="0" timestamp="2022-09-30T22:04:50 IST">
  <testcase classname="TestCases.Testngdemo" name="test1" time="0.006"/>
  <testcase classname="TestCases.Testngdemo" name="test2" time="0.002"/>
  <testcase classname="TestCases.Testngdemo" name="test3" time="0.001"/>
  <testcase classname="TestCases.Testngdemo" name="test4" time="0.001"/>
</testsuite> <!-- Default test -->
